<?xml version="1.0" encoding="UTF-8"?>
<!-- Generated by org.testng.reporters.JUnitXMLReporter -->
<testsuite hostname="PU-NB-MSIN" ignored="1" name="learnAutomation" tests="5" failures="5" timestamp="03 Aug 2018 11:04:36 GMT" time="32.063" errors="0">
  <testcase name="testAccountBalanceFromExcel" time="3.795" classname="com.automation.testcases.AltoroFirstTestCase">
    <failure type="java.lang.AssertionError" message="Welcome message did not match. expected [Hello John Smith] but found [Online Banking Login]">
      <![CDATA[java.lang.AssertionError: Welcome message did not match. expected [Hello John Smith] but found [Online Banking Login]
at com.automation.testcases.AltoroFirstTestCase.testAccountBalanceFromExcel(AltoroFirstTestCase.java:47)
at java.util.concurrent.FutureTask.run(FutureTask.java:266)
at java.util.concurrent.Executors$RunnableAdapter.call(Executors.java:511)
at java.util.concurrent.FutureTask.run(FutureTask.java:266)
at java.util.concurrent.ThreadPoolExecutor.runWorker(ThreadPoolExecutor.java:1149)
at java.util.concurrent.ThreadPoolExecutor$Worker.run(ThreadPoolExecutor.java:624)
at java.lang.Thread.run(Thread.java:748)
... Removed 14 stack frames]]>
    </failure>
  </testcase> <!-- testAccountBalanceFromExcel -->
  <testcase name="testAccountBalanceFromExcel" time="8.308" classname="com.automation.testcases.AltoroFirstTestCase">
    <failure type="java.lang.AssertionError" message="Account balance did not match. expected [300.0] but found [3.58254386317113E20]">
      <![CDATA[java.lang.AssertionError: Account balance did not match. expected [300.0] but found [3.58254386317113E20]
at com.automation.testcases.AltoroFirstTestCase.testAccountBalanceFromExcel(AltoroFirstTestCase.java:53)
at java.util.concurrent.FutureTask.run(FutureTask.java:266)
at java.util.concurrent.Executors$RunnableAdapter.call(Executors.java:511)
at java.util.concurrent.FutureTask.run(FutureTask.java:266)
at java.util.concurrent.ThreadPoolExecutor.runWorker(ThreadPoolExecutor.java:1149)
at java.util.concurrent.ThreadPoolExecutor$Worker.run(ThreadPoolExecutor.java:624)
at java.lang.Thread.run(Thread.java:748)
... Removed 13 stack frames]]>
    </failure>
  </testcase> <!-- testAccountBalanceFromExcel -->
  <testcase name="testAccountBalanceFromExcel" time="8.658" classname="com.automation.testcases.AltoroFirstTestCase">
    <failure type="java.lang.AssertionError" message="Account balance did not match. expected [-800.0] but found [3.58254386317113E20]">
      <![CDATA[java.lang.AssertionError: Account balance did not match. expected [-800.0] but found [3.58254386317113E20]
at com.automation.testcases.AltoroFirstTestCase.testAccountBalanceFromExcel(AltoroFirstTestCase.java:53)
at java.util.concurrent.FutureTask.run(FutureTask.java:266)
at java.util.concurrent.Executors$RunnableAdapter.call(Executors.java:511)
at java.util.concurrent.FutureTask.run(FutureTask.java:266)
at java.util.concurrent.ThreadPoolExecutor.runWorker(ThreadPoolExecutor.java:1149)
at java.util.concurrent.ThreadPoolExecutor$Worker.run(ThreadPoolExecutor.java:624)
at java.lang.Thread.run(Thread.java:748)
... Removed 13 stack frames]]>
    </failure>
  </testcase> <!-- testAccountBalanceFromExcel -->
  <testcase name="testAccountBalanceFromExcel" time="10.415" classname="com.automation.testcases.AltoroFirstTestCase">
    <failure type="java.lang.AssertionError" message="Account balance did not match. expected [400.0] but found [-3.58254386317116E20]">
      <![CDATA[java.lang.AssertionError: Account balance did not match. expected [400.0] but found [-3.58254386317116E20]
at com.automation.testcases.AltoroFirstTestCase.testAccountBalanceFromExcel(AltoroFirstTestCase.java:53)
at java.util.concurrent.FutureTask.run(FutureTask.java:266)
at java.util.concurrent.Executors$RunnableAdapter.call(Executors.java:511)
at java.util.concurrent.FutureTask.run(FutureTask.java:266)
at java.util.concurrent.ThreadPoolExecutor.runWorker(ThreadPoolExecutor.java:1149)
at java.util.concurrent.ThreadPoolExecutor$Worker.run(ThreadPoolExecutor.java:624)
at java.lang.Thread.run(Thread.java:748)
... Removed 13 stack frames]]>
    </failure>
  </testcase> <!-- testAccountBalanceFromExcel -->
  <testcase name="testAccountBalanceFromExcel" time="10.734" classname="com.automation.testcases.AltoroFirstTestCase">
    <failure type="java.lang.AssertionError" message="Account balance did not match. expected [3000.0] but found [-3.58254386317116E20]">
      <![CDATA[java.lang.AssertionError: Account balance did not match. expected [3000.0] but found [-3.58254386317116E20]
at com.automation.testcases.AltoroFirstTestCase.testAccountBalanceFromExcel(AltoroFirstTestCase.java:53)
at java.util.concurrent.FutureTask.run(FutureTask.java:266)
at java.util.concurrent.Executors$RunnableAdapter.call(Executors.java:511)
at java.util.concurrent.FutureTask.run(FutureTask.java:266)
at java.util.concurrent.ThreadPoolExecutor.runWorker(ThreadPoolExecutor.java:1149)
at java.util.concurrent.ThreadPoolExecutor$Worker.run(ThreadPoolExecutor.java:624)
at java.lang.Thread.run(Thread.java:748)
... Removed 13 stack frames]]>
    </failure>
  </testcase> <!-- testAccountBalanceFromExcel -->
  <testcase name="testAccountBalance" time="0.0" classname="com.automation.testcases.AltoroFirstTestCase">
    <ignored/>
  </testcase> <!-- testAccountBalance -->
</testsuite> <!-- learnAutomation -->
