<?xml version="1.0" encoding="UTF-8"?>
<!-- Generated by org.testng.reporters.JUnitXMLReporter -->
<testsuite hostname="PU-NB-MSIN" ignored="0" name="Selenium Framework Demo 2018" tests="7" failures="7" timestamp="12 Aug 2018 12:20:54 GMT" time="43.991" errors="0">
  <testcase name="testAccountBalance" time="2.2" classname="com.automation.testcases.AltoroFirstTestCase">
    <failure type="java.lang.AssertionError" message="Account balance did not match. expected [-800] but found [200]">
      <![CDATA[java.lang.AssertionError: Account balance did not match. expected [-800] but found [200]
at com.automation.testcases.AltoroFirstTestCase.testAccountBalance(AltoroFirstTestCase.java:38)
... Removed 29 stack frames]]>
    </failure>
  </testcase> <!-- testAccountBalance -->
  <testcase name="testAccountBalance" time="2.316" classname="com.automation.testcases.AltoroFirstTestCase">
    <failure type="java.lang.AssertionError" message="Account balance did not match. expected [3000] but found [2000]">
      <![CDATA[java.lang.AssertionError: Account balance did not match. expected [3000] but found [2000]
at com.automation.testcases.AltoroFirstTestCase.testAccountBalance(AltoroFirstTestCase.java:38)
... Removed 29 stack frames]]>
    </failure>
  </testcase> <!-- testAccountBalance -->
  <testcase name="testAccountBalanceFromExcel" time="2.632" classname="com.automation.testcases.AltoroFirstTestCase">
    <failure type="java.lang.AssertionError" message="Account balance did not match. expected [-800.0] but found [200.0]">
      <![CDATA[java.lang.AssertionError: Account balance did not match. expected [-800.0] but found [200.0]
at com.automation.testcases.AltoroFirstTestCase.testAccountBalanceFromExcel(AltoroFirstTestCase.java:53)
at java.util.concurrent.FutureTask.run(FutureTask.java:266)
at java.util.concurrent.Executors$RunnableAdapter.call(Executors.java:511)
at java.util.concurrent.FutureTask.run(FutureTask.java:266)
at java.util.concurrent.ThreadPoolExecutor.runWorker(ThreadPoolExecutor.java:1149)
at java.util.concurrent.ThreadPoolExecutor$Worker.run(ThreadPoolExecutor.java:624)
at java.lang.Thread.run(Thread.java:748)
... Removed 13 stack frames]]>
    </failure>
  </testcase> <!-- testAccountBalanceFromExcel -->
  <testcase name="testAccountBalanceFromExcel" time="2.678" classname="com.automation.testcases.AltoroFirstTestCase">
    <failure type="java.lang.AssertionError" message="Account balance did not match. expected [400.0] but found [2000.0]">
      <![CDATA[java.lang.AssertionError: Account balance did not match. expected [400.0] but found [2000.0]
at com.automation.testcases.AltoroFirstTestCase.testAccountBalanceFromExcel(AltoroFirstTestCase.java:53)
at java.util.concurrent.FutureTask.run(FutureTask.java:266)
at java.util.concurrent.Executors$RunnableAdapter.call(Executors.java:511)
at java.util.concurrent.FutureTask.run(FutureTask.java:266)
at java.util.concurrent.ThreadPoolExecutor.runWorker(ThreadPoolExecutor.java:1149)
at java.util.concurrent.ThreadPoolExecutor$Worker.run(ThreadPoolExecutor.java:624)
at java.lang.Thread.run(Thread.java:748)
... Removed 13 stack frames]]>
    </failure>
  </testcase> <!-- testAccountBalanceFromExcel -->
  <testcase name="testAccountBalanceFromExcel" time="2.753" classname="com.automation.testcases.AltoroFirstTestCase">
    <failure type="java.lang.AssertionError" message="Account balance did not match. expected [300.0] but found [200.0]">
      <![CDATA[java.lang.AssertionError: Account balance did not match. expected [300.0] but found [200.0]
at com.automation.testcases.AltoroFirstTestCase.testAccountBalanceFromExcel(AltoroFirstTestCase.java:53)
at java.util.concurrent.FutureTask.run(FutureTask.java:266)
at java.util.concurrent.Executors$RunnableAdapter.call(Executors.java:511)
at java.util.concurrent.FutureTask.run(FutureTask.java:266)
at java.util.concurrent.ThreadPoolExecutor.runWorker(ThreadPoolExecutor.java:1149)
at java.util.concurrent.ThreadPoolExecutor$Worker.run(ThreadPoolExecutor.java:624)
at java.lang.Thread.run(Thread.java:748)
... Removed 13 stack frames]]>
    </failure>
  </testcase> <!-- testAccountBalanceFromExcel -->
  <testcase name="testAccountBalanceFromExcel" time="3.089" classname="com.automation.testcases.AltoroFirstTestCase">
    <failure type="java.lang.AssertionError" message="Account balance did not match. expected [3000.0] but found [2000.0]">
      <![CDATA[java.lang.AssertionError: Account balance did not match. expected [3000.0] but found [2000.0]
at com.automation.testcases.AltoroFirstTestCase.testAccountBalanceFromExcel(AltoroFirstTestCase.java:53)
at java.util.concurrent.FutureTask.run(FutureTask.java:266)
at java.util.concurrent.Executors$RunnableAdapter.call(Executors.java:511)
at java.util.concurrent.FutureTask.run(FutureTask.java:266)
at java.util.concurrent.ThreadPoolExecutor.runWorker(ThreadPoolExecutor.java:1149)
at java.util.concurrent.ThreadPoolExecutor$Worker.run(ThreadPoolExecutor.java:624)
at java.lang.Thread.run(Thread.java:748)
... Removed 13 stack frames]]>
    </failure>
  </testcase> <!-- testAccountBalanceFromExcel -->
  <testcase name="testAccountBalanceFromExcel" time="1.378" classname="com.automation.testcases.AltoroFirstTestCase">
    <failure type="java.lang.AssertionError" message="Welcome message did not match. expected [Hello John Smith] but found [Online Banking Login]">
      <![CDATA[java.lang.AssertionError: Welcome message did not match. expected [Hello John Smith] but found [Online Banking Login]
at com.automation.testcases.AltoroFirstTestCase.testAccountBalanceFromExcel(AltoroFirstTestCase.java:47)
at java.util.concurrent.FutureTask.run(FutureTask.java:266)
at java.util.concurrent.Executors$RunnableAdapter.call(Executors.java:511)
at java.util.concurrent.FutureTask.run(FutureTask.java:266)
at java.util.concurrent.ThreadPoolExecutor.runWorker(ThreadPoolExecutor.java:1149)
at java.util.concurrent.ThreadPoolExecutor$Worker.run(ThreadPoolExecutor.java:624)
at java.lang.Thread.run(Thread.java:748)
... Removed 14 stack frames]]>
    </failure>
  </testcase> <!-- testAccountBalanceFromExcel -->
</testsuite> <!-- Selenium Framework Demo 2018 -->
