<?xml version="1.0" encoding="UTF-8"?>
<!-- Generated by org.testng.reporters.JUnitXMLReporter -->
<testsuite hostname="PU-NB-MSIN" ignored="0" name="Selenium Framework Demo 2018" tests="1" failures="1" timestamp="04 Sep 2018 11:39:52 GMT" time="198.824" errors="0">
  <testcase name="DMDAddDealTest" time="184.832" classname="com.automation.testcases.DMDCreateDealTestCase">
    <failure type="java.lang.Exception" message="Could not enter Username">
      <![CDATA[java.lang.Exception: Could not enter Username
at com.automation.pageObjects.DMD.DMDLoginPage.LoginToDMD(DMDLoginPage.java:35)
at com.automation.testcases.DMDCreateDealTestCase.DMDAddDealTest(DMDCreateDealTestCase.java:20)
... Removed 24 stack frames]]>
    </failure>
  </testcase> <!-- DMDAddDealTest -->
</testsuite> <!-- Selenium Framework Demo 2018 -->
