<?xml version="1.0" encoding="UTF-8"?>
<!-- Generated by org.testng.reporters.JUnitXMLReporter -->
<testsuite hostname="PU-NB-MSIN" ignored="0" name="Google tests" tests="3" failures="0" timestamp="23 Jul 2018 12:38:42 GMT" time="77.451" errors="0">
  <testcase name="testCase1" time="13.893" classname="com.automation.testcases.GoogleFirstTestCase"/>
  <testcase name="testCase2" time="27.031" classname="com.automation.testcases.GoogleFirstTestCase"/>
  <testcase name="SearchAndAssertTest" time="10.099" classname="com.automation.testcases.GoogleSecondTestCase"/>
</testsuite> <!-- Google tests -->
