<?xml version="1.0" encoding="UTF-8"?>
<testng-results skipped="0" failed="1" ignored="0" total="1" passed="0">
  <reporter-output>
  </reporter-output>
  <suite name="Default Suite" duration-ms="198824" started-at="2018-09-04T11:36:33Z" finished-at="2018-09-04T11:39:52Z">
    <groups>
    </groups>
    <test name="Selenium Framework Demo 2018" duration-ms="198824" started-at="2018-09-04T11:36:33Z" finished-at="2018-09-04T11:39:52Z">
      <class name="com.automation.testcases.DMDCreateDealTestCase">
        <test-method status="PASS" signature="beforeMethod()[pri:0, instance:com.automation.testcases.DMDCreateDealTestCase@6e171cd7]" name="beforeMethod" is-config="true" duration-ms="9615" started-at="2018-09-04T11:36:33Z" finished-at="2018-09-04T11:36:43Z">
          <reporter-output>
          </reporter-output>
        </test-method> <!-- beforeMethod -->
        <test-method status="PASS" signature="openDMDHomePage()[pri:0, instance:com.automation.testcases.DMDCreateDealTestCase@6e171cd7]" name="openDMDHomePage" is-config="true" duration-ms="2887" started-at="2018-09-04T11:36:43Z" finished-at="2018-09-04T11:36:46Z">
          <reporter-output>
          </reporter-output>
        </test-method> <!-- openDMDHomePage -->
        <test-method status="FAIL" signature="DMDAddDealTest()[pri:0, instance:com.automation.testcases.DMDCreateDealTestCase@6e171cd7]" name="DMDAddDealTest" duration-ms="184832" started-at="2018-09-04T11:36:46Z" finished-at="2018-09-04T11:39:51Z">
          <exception class="java.lang.Exception">
            <message>
              <![CDATA[Could not enter Username]]>
            </message>
            <full-stacktrace>
              <![CDATA[java.lang.Exception: Could not enter Username
at com.automation.pageObjects.DMD.DMDLoginPage.LoginToDMD(DMDLoginPage.java:35)
at com.automation.testcases.DMDCreateDealTestCase.DMDAddDealTest(DMDCreateDealTestCase.java:20)
at sun.reflect.NativeMethodAccessorImpl.invoke0(Native Method)
at sun.reflect.NativeMethodAccessorImpl.invoke(NativeMethodAccessorImpl.java:62)
at sun.reflect.DelegatingMethodAccessorImpl.invoke(DelegatingMethodAccessorImpl.java:43)
at java.lang.reflect.Method.invoke(Method.java:498)
at org.testng.internal.MethodInvocationHelper.invokeMethod(MethodInvocationHelper.java:124)
at org.testng.internal.Invoker.invokeMethod(Invoker.java:583)
at org.testng.internal.Invoker.invokeTestMethod(Invoker.java:719)
at org.testng.internal.Invoker.invokeTestMethods(Invoker.java:989)
at org.testng.internal.TestMethodWorker.invokeTestMethods(TestMethodWorker.java:125)
at org.testng.internal.TestMethodWorker.run(TestMethodWorker.java:109)
at org.testng.TestRunner.privateRun(TestRunner.java:648)
at org.testng.TestRunner.run(TestRunner.java:505)
at org.testng.SuiteRunner.runTest(SuiteRunner.java:455)
at org.testng.SuiteRunner.runSequentially(SuiteRunner.java:450)
at org.testng.SuiteRunner.privateRun(SuiteRunner.java:415)
at org.testng.SuiteRunner.run(SuiteRunner.java:364)
at org.testng.SuiteRunnerWorker.runSuite(SuiteRunnerWorker.java:52)
at org.testng.SuiteRunnerWorker.run(SuiteRunnerWorker.java:84)
at org.testng.TestNG.runSuitesSequentially(TestNG.java:1208)
at org.testng.TestNG.runSuitesLocally(TestNG.java:1137)
at org.testng.TestNG.runSuites(TestNG.java:1049)
at org.testng.TestNG.run(TestNG.java:1017)
at org.testng.IDEARemoteTestNG.run(IDEARemoteTestNG.java:72)
at org.testng.RemoteTestNGStarter.main(RemoteTestNGStarter.java:123)
]]>
            </full-stacktrace>
          </exception> <!-- java.lang.Exception -->
          <reporter-output>
          </reporter-output>
        </test-method> <!-- DMDAddDealTest -->
        <test-method status="PASS" signature="tearDown()[pri:0, instance:com.automation.testcases.DMDCreateDealTestCase@6e171cd7]" name="tearDown" is-config="true" duration-ms="1377" started-at="2018-09-04T11:39:51Z" finished-at="2018-09-04T11:39:52Z">
          <reporter-output>
          </reporter-output>
        </test-method> <!-- tearDown -->
      </class> <!-- com.automation.testcases.DMDCreateDealTestCase -->
    </test> <!-- Selenium Framework Demo 2018 -->
  </suite> <!-- Default Suite -->
</testng-results>
